[debug] [2022-08-20T20:35:09.386Z] ----------------------------------------------------------------------
[debug] [2022-08-20T20:35:09.391Z] Command:       C:\Program Files\nodejs\node.exe C:\Users\ahmed\AppData\Roaming\npm\node_modules\firebase-tools\lib\bin\firebase.js init
[debug] [2022-08-20T20:35:09.393Z] CLI Version:   11.7.0
[debug] [2022-08-20T20:35:09.393Z] Platform:      win32
[debug] [2022-08-20T20:35:09.393Z] Node Version:  v16.16.0
[debug] [2022-08-20T20:35:09.396Z] Time:          Sun Aug 21 2022 01:35:09 GMT+0500 (Pakistan Standard Time)
[debug] [2022-08-20T20:35:09.396Z] ----------------------------------------------------------------------
[debug] 
[debug] [2022-08-20T20:35:09.414Z] > command requires scopes: ["email","openid","https://www.googleapis.com/auth/cloudplatformprojects.readonly","https://www.googleapis.com/auth/firebase","https://www.googleapis.com/auth/cloud-platform"]
[debug] [2022-08-20T20:35:09.415Z] > authorizing via signed-in user (uzziahmed74@gmail.com)
[info] 
     ######## #### ########  ######## ########     ###     ######  ########
     ##        ##  ##     ## ##       ##     ##  ##   ##  ##       ##
     ######    ##  ########  ######   ########  #########  ######  ######
     ##        ##  ##    ##  ##       ##     ## ##     ##       ## ##
     ##       #### ##     ## ######## ########  ##     ##  ######  ########

You're about to initialize a Firebase project in this directory:

  F:\Programs\html\suffa task\website

[info] 
=== Project Setup
[info] 
[info] First, let's associate this project directory with a Firebase project.
[info] You can create multiple project aliases by running firebase use --add, 
[info] but for now we'll just set up a default project.
[info] 
[debug] [2022-08-20T20:36:37.793Z] >>> [apiv2][query] GET https://firebase.googleapis.com/v1beta1/projects pageSize=100
[debug] [2022-08-20T20:36:38.506Z] <<< [apiv2][status] GET https://firebase.googleapis.com/v1beta1/projects 200
[debug] [2022-08-20T20:36:38.507Z] <<< [apiv2][body] GET https://firebase.googleapis.com/v1beta1/projects [omitted]
[debug] [2022-08-20T20:36:51.763Z] Error: kill ENOSYS
    at process.kill (node:internal/process/per_thread:220:13)
    at process.listener (C:\Users\ahmed\AppData\Roaming\npm\node_modules\firebase-tools\node_modules\signal-exit\index.js:95:15)
    at process.emit (node:events:527:28)
[error] 
[error] Error: An unexpected error has occurred.
